{"C:\\Users\\samuel\\Desktop\\telemetria-api\\src\\server.js": {"path":"C:\\Users\\samuel\\Desktop\\telemetria-api\\src\\server.js","statementMap":{"0":{"start":{"line":1,"column":0},"end":{"line":1,"column":27}},"1":{"start":{"line":2,"column":16},"end":{"line":2,"column":34}},"2":{"start":{"line":3,"column":13},"end":{"line":3,"column":28}},"3":{"start":{"line":5,"column":12},"end":{"line":5,"column":21}},"4":{"start":{"line":6,"column":13},"end":{"line":6,"column":37}},"5":{"start":{"line":9,"column":0},"end":{"line":9,"column":16}},"6":{"start":{"line":10,"column":0},"end":{"line":10,"column":24}},"7":{"start":{"line":13,"column":0},"end":{"line":19,"column":3}},"8":{"start":{"line":14,"column":4},"end":{"line":18,"column":7}},"9":{"start":{"line":25,"column":31},"end":{"line":25,"column":33}},"10":{"start":{"line":30,"column":0},"end":{"line":54,"column":3}},"11":{"start":{"line":32,"column":43},"end":{"line":32,"column":51}},"12":{"start":{"line":34,"column":4},"end":{"line":36,"column":5}},"13":{"start":{"line":35,"column":8},"end":{"line":35,"column":83}},"14":{"start":{"line":38,"column":4},"end":{"line":38,"column":69}},"15":{"start":{"line":39,"column":4},"end":{"line":39,"column":47}},"16":{"start":{"line":40,"column":4},"end":{"line":40,"column":35}},"17":{"start":{"line":43,"column":25},"end":{"line":48,"column":5}},"18":{"start":{"line":50,"column":4},"end":{"line":50,"column":48}},"19":{"start":{"line":53,"column":4},"end":{"line":53,"column":79}},"20":{"start":{"line":59,"column":0},"end":{"line":62,"column":3}},"21":{"start":{"line":61,"column":4},"end":{"line":61,"column":39}},"22":{"start":{"line":64,"column":0},"end":{"line":64,"column":21}},"23":{"start":{"line":67,"column":0},"end":{"line":71,"column":1}},"24":{"start":{"line":68,"column":4},"end":{"line":70,"column":7}},"25":{"start":{"line":69,"column":8},"end":{"line":69,"column":54}}},"fnMap":{"0":{"name":"(anonymous_0)","decl":{"start":{"line":13,"column":23},"end":{"line":13,"column":24}},"loc":{"start":{"line":13,"column":37},"end":{"line":19,"column":1}},"line":13},"1":{"name":"(anonymous_1)","decl":{"start":{"line":30,"column":29},"end":{"line":30,"column":30}},"loc":{"start":{"line":30,"column":43},"end":{"line":54,"column":1}},"line":30},"2":{"name":"(anonymous_2)","decl":{"start":{"line":59,"column":23},"end":{"line":59,"column":24}},"loc":{"start":{"line":59,"column":37},"end":{"line":62,"column":1}},"line":59},"3":{"name":"(anonymous_3)","decl":{"start":{"line":68,"column":21},"end":{"line":68,"column":22}},"loc":{"start":{"line":68,"column":27},"end":{"line":70,"column":5}},"line":68}},"branchMap":{"0":{"loc":{"start":{"line":6,"column":13},"end":{"line":6,"column":37}},"type":"binary-expr","locations":[{"start":{"line":6,"column":13},"end":{"line":6,"column":29}},{"start":{"line":6,"column":33},"end":{"line":6,"column":37}}],"line":6},"1":{"loc":{"start":{"line":34,"column":4},"end":{"line":36,"column":5}},"type":"if","locations":[{"start":{"line":34,"column":4},"end":{"line":36,"column":5}},{"start":{},"end":{}}],"line":34},"2":{"loc":{"start":{"line":34,"column":8},"end":{"line":34,"column":38}},"type":"binary-expr","locations":[{"start":{"line":34,"column":8},"end":{"line":34,"column":15}},{"start":{"line":34,"column":19},"end":{"line":34,"column":38}}],"line":34},"3":{"loc":{"start":{"line":67,"column":0},"end":{"line":71,"column":1}},"type":"if","locations":[{"start":{"line":67,"column":0},"end":{"line":71,"column":1}},{"start":{},"end":{}}],"line":67}},"s":{"0":1,"1":1,"2":1,"3":1,"4":1,"5":1,"6":1,"7":1,"8":1,"9":1,"10":1,"11":1,"12":1,"13":0,"14":1,"15":1,"16":1,"17":1,"18":1,"19":1,"20":1,"21":1,"22":1,"23":1,"24":0,"25":0},"f":{"0":1,"1":1,"2":1,"3":0},"b":{"0":[1,1],"1":[0,1],"2":[1,1],"3":[0,1]},"_coverageSchema":"1a1c01bbd47fc00a2c39e90264f33305004495a9","hash":"f4b1a72f1308fff1c64ea2d257026d860c27f900"}
}
