TN:
SF:src\server.js
FN:13,(anonymous_0)
FN:30,(anonymous_1)
FN:59,(anonymous_2)
FN:68,(anonymous_3)
FNF:4
FNH:3
FNDA:1,(anonymous_0)
FNDA:1,(anonymous_1)
FNDA:1,(anonymous_2)
FNDA:0,(anonymous_3)
DA:1,1
DA:2,1
DA:3,1
DA:5,1
DA:6,1
DA:9,1
DA:10,1
DA:13,1
DA:14,1
DA:25,1
DA:30,1
DA:32,1
DA:34,1
DA:35,0
DA:38,1
DA:39,1
DA:40,1
DA:43,1
DA:50,1
DA:53,1
DA:59,1
DA:61,1
DA:64,1
DA:67,1
DA:68,0
DA:69,0
LF:26
LH:23
BRDA:6,0,0,1
BRDA:6,0,1,1
BRDA:34,1,0,0
BRDA:34,1,1,1
BRDA:34,2,0,1
BRDA:34,2,1,1
BRDA:67,3,0,0
BRDA:67,3,1,1
BRF:8
BRH:6
end_of_record
